e:\code\visual studio 2013\projects\hellosph2d\hellosph2d\debug\vc120.pdb
e:\code\visual studio 2013\projects\hellosph2d\hellosph2d\debug\vc120.idb
e:\code\visual studio 2013\projects\hellosph2d\hellosph2d\debug\main.obj
e:\code\visual studio 2013\projects\hellosph2d\hellosph2d\debug\vector2d.obj
e:\code\visual studio 2013\projects\hellosph2d\hellosph2d\debug\particle.obj
e:\code\visual studio 2013\projects\hellosph2d\hellosph2d\debug\sph.obj
e:\code\visual studio 2013\projects\hellosph2d\debug\hellosph2d.pdb
e:\code\visual studio 2013\projects\hellosph2d\hellosph2d\debug\hellosph2d.tlog\cl.command.1.tlog
e:\code\visual studio 2013\projects\hellosph2d\hellosph2d\debug\hellosph2d.tlog\cl.read.1.tlog
e:\code\visual studio 2013\projects\hellosph2d\hellosph2d\debug\hellosph2d.tlog\cl.write.1.tlog
e:\code\visual studio 2013\projects\hellosph2d\hellosph2d\debug\hellosph2d.tlog\link-cvtres.read.1.tlog
e:\code\visual studio 2013\projects\hellosph2d\hellosph2d\debug\hellosph2d.tlog\link-cvtres.write.1.tlog
e:\code\visual studio 2013\projects\hellosph2d\hellosph2d\debug\hellosph2d.tlog\link-rc.read.1.tlog
e:\code\visual studio 2013\projects\hellosph2d\hellosph2d\debug\hellosph2d.tlog\link-rc.write.1.tlog
e:\code\visual studio 2013\projects\hellosph2d\hellosph2d\debug\hellosph2d.tlog\link.19256-cvtres.read.1.tlog
e:\code\visual studio 2013\projects\hellosph2d\hellosph2d\debug\hellosph2d.tlog\link.19256-cvtres.write.1.tlog
e:\code\visual studio 2013\projects\hellosph2d\hellosph2d\debug\hellosph2d.tlog\link.19256-rc.read.1.tlog
e:\code\visual studio 2013\projects\hellosph2d\hellosph2d\debug\hellosph2d.tlog\link.19256-rc.write.1.tlog
e:\code\visual studio 2013\projects\hellosph2d\hellosph2d\debug\hellosph2d.tlog\link.19256.read.1.tlog
e:\code\visual studio 2013\projects\hellosph2d\hellosph2d\debug\hellosph2d.tlog\link.19256.write.1.tlog
e:\code\visual studio 2013\projects\hellosph2d\hellosph2d\debug\hellosph2d.tlog\link.command.1.tlog
e:\code\visual studio 2013\projects\hellosph2d\hellosph2d\debug\hellosph2d.tlog\link.read.1.tlog
e:\code\visual studio 2013\projects\hellosph2d\hellosph2d\debug\hellosph2d.tlog\link.write.1.tlog
